<?xml version="1.0" encoding="UTF-8"?>
<!-- Generated by org.testng.reporters.JUnitXMLReporter -->
<testsuite ignored="0" hostname="DESKTOP-BTQ2T4D" failures="1" tests="5" name="Test" time="63.346" errors="0" timestamp="2022-12-24T18:08:27 IST">
  <testcase classname="knowledgeware_Tests.Knowldgware_Test" name="pageOneTest" time="5.311"/>
  <testcase classname="knowledgeware_Tests.Knowldgware_Test" name="PageTwoTest" time="3.459"/>
  <testcase classname="knowledgeware_Tests.Knowldgware_Test" name="pageThreeTest" time="3.458"/>
  <testcase classname="knowledgeware_Tests.Knowldgware_Test" name="pageFourTest" time="3.632"/>
  <testcase classname="knowledgeware_Tests.Knowldgware_Test" name="validateRegSuccess" time="0.154">
    <failure type="java.lang.Error" message="Unresolved compilation problem: 
	The method takeScreenShot(WebDriver, String) is undefined for the type TakeScreenshot
">
      <![CDATA[java.lang.Error: Unresolved compilation problem: 
The method takeScreenShot(WebDriver, String) is undefined for the type TakeScreenshot

at knowledgeware_Action.PageFive_Action.screenshot(PageFive_Action.java:24)
at knowledgeware_Action.PageFive_Action.pageFiveComActions(PageFive_Action.java:30)
at knowledgeware_Tests.Knowldgware_Test.validateRegSuccess(Knowldgware_Test.java:62)
at java.base/java.util.ArrayList.forEach(ArrayList.java:1511)
... Removed 27 stack frames]]>
    </failure>
  </testcase> <!-- validateRegSuccess -->
</testsuite> <!-- Test -->
